app/build/intermediates/manifest_merge_blame_file/release/manifest-merger-blame-release-report.txt
1<?xml version="1.0" encoding="utf-8"?>
2<manifest xmlns:android="http://schemas.android.com/apk/res/android"
3    package="com.tugasakhirsemester.lilisindriani"
4    android:versionCode="1"
5    android:versionName="1.0" >
6
7    <uses-sdk
8        android:minSdkVersion="14"
8-->src\main\AndroidManifest.xml
9        android:targetSdkVersion="30" />
9-->src\main\AndroidManifest.xml
10
11    <uses-permission android:name="android.permission.INTERNET" />
11-->src\main\AndroidManifest.xml:4:5-67
11-->src\main\AndroidManifest.xml:4:22-64
12    <uses-permission android:name="android.permission.ACCESS_NETWORK_STATE" /> <!-- Optional permission for Analytics to run. -->
12-->[com.google.android.gms:play-services-ads-lite:12.0.1] AndroidManifest.xml:24:5-79
12-->[com.google.android.gms:play-services-ads-lite:12.0.1] AndroidManifest.xml:24:22-76
13    <uses-permission android:name="android.permission.WAKE_LOCK" /> <!-- Required by older versions of Google Play services to create GCM registration tokens -->
13-->[com.google.android.gms:play-services-analytics:12.0.1] AndroidManifest.xml:27:5-68
13-->[com.google.android.gms:play-services-analytics:12.0.1] AndroidManifest.xml:27:22-65
14    <uses-permission android:name="com.google.android.c2dm.permission.RECEIVE" />
14-->[com.google.android.gms:play-services-gcm:12.0.1] AndroidManifest.xml:23:5-82
14-->[com.google.android.gms:play-services-gcm:12.0.1] AndroidManifest.xml:23:22-79
15
16    <uses-feature
16-->[com.google.android.gms:play-services-maps:12.0.1] AndroidManifest.xml:26:5-28:35
17        android:glEsVersion="0x00020000"
17-->[com.google.android.gms:play-services-maps:12.0.1] AndroidManifest.xml:27:9-41
18        android:required="true" />
18-->[com.google.android.gms:play-services-maps:12.0.1] AndroidManifest.xml:28:9-32
19
20    <permission
20-->[com.google.firebase:firebase-iid:12.0.1] AndroidManifest.xml:28:5-30:47
21        android:name="com.tugasakhirsemester.lilisindriani.permission.C2D_MESSAGE"
21-->[com.google.firebase:firebase-iid:12.0.1] AndroidManifest.xml:29:9-63
22        android:protectionLevel="signature" />
22-->[com.google.firebase:firebase-iid:12.0.1] AndroidManifest.xml:30:9-44
23
24    <uses-permission android:name="com.tugasakhirsemester.lilisindriani.permission.C2D_MESSAGE" />
24-->[com.google.firebase:firebase-iid:12.0.1] AndroidManifest.xml:32:5-79
24-->[com.google.firebase:firebase-iid:12.0.1] AndroidManifest.xml:32:22-76
25
26    <application
26-->src\main\AndroidManifest.xml:5:5-21:19
27        android:name="androidx.multidex.MultiDexApplication"
28        android:allowBackup="true"
28-->src\main\AndroidManifest.xml:7:9-35
29        android:appComponentFactory="androidx.core.app.CoreComponentFactory"
29-->[androidx.core:core:1.3.2] AndroidManifest.xml:24:18-86
30        android:icon="@mipmap/ic_launcher"
30-->src\main\AndroidManifest.xml:8:9-43
31        android:label="@string/app_name"
31-->src\main\AndroidManifest.xml:9:9-41
32        android:roundIcon="@mipmap/ic_launcher_round"
32-->src\main\AndroidManifest.xml:10:9-54
33        android:supportsRtl="true"
33-->src\main\AndroidManifest.xml:11:9-35
34        android:testOnly="true"
35        android:theme="@style/AppTheme" >
35-->src\main\AndroidManifest.xml:12:9-40
36        <activity android:name="com.tugasakhirsemester.lilisindriani.MainActivity" >
36-->src\main\AndroidManifest.xml:13:9-19:20
36-->src\main\AndroidManifest.xml:13:19-47
37            <intent-filter>
37-->src\main\AndroidManifest.xml:14:13-18:29
38                <action android:name="android.intent.action.MAIN" />
38-->src\main\AndroidManifest.xml:15:17-69
38-->src\main\AndroidManifest.xml:15:25-66
39
40                <category android:name="android.intent.category.LAUNCHER" />
40-->src\main\AndroidManifest.xml:17:17-77
40-->src\main\AndroidManifest.xml:17:27-74
41            </intent-filter>
42        </activity>
43
44        <receiver android:name="com.google.android.gms.cast.framework.media.MediaIntentReceiver" />
44-->[com.google.android.gms:play-services-cast-framework:12.0.1] AndroidManifest.xml:8:9-100
44-->[com.google.android.gms:play-services-cast-framework:12.0.1] AndroidManifest.xml:8:19-97
45
46        <service android:name="com.google.android.gms.cast.framework.media.MediaNotificationService" />
46-->[com.google.android.gms:play-services-cast-framework:12.0.1] AndroidManifest.xml:10:9-104
46-->[com.google.android.gms:play-services-cast-framework:12.0.1] AndroidManifest.xml:10:18-101
47        <service android:name="com.google.android.gms.cast.framework.ReconnectionService" /> <!-- Include the AdActivity and InAppPurchaseActivity configChanges and themes. -->
47-->[com.google.android.gms:play-services-cast-framework:12.0.1] AndroidManifest.xml:11:9-93
47-->[com.google.android.gms:play-services-cast-framework:12.0.1] AndroidManifest.xml:11:18-90
48        <activity
48-->[com.google.android.gms:play-services-ads-lite:12.0.1] AndroidManifest.xml:29:9-33:64
49            android:name="com.google.android.gms.ads.AdActivity"
49-->[com.google.android.gms:play-services-ads-lite:12.0.1] AndroidManifest.xml:30:13-65
50            android:configChanges="keyboard|keyboardHidden|orientation|screenLayout|uiMode|screenSize|smallestScreenSize"
50-->[com.google.android.gms:play-services-ads-lite:12.0.1] AndroidManifest.xml:31:13-122
51            android:exported="false"
51-->[com.google.android.gms:play-services-ads-lite:12.0.1] AndroidManifest.xml:32:13-37
52            android:theme="@android:style/Theme.Translucent" />
52-->[com.google.android.gms:play-services-ads-lite:12.0.1] AndroidManifest.xml:33:13-61
53
54        <receiver
54-->[com.google.android.gms:play-services-analytics:12.0.1] AndroidManifest.xml:30:9-34:20
55            android:name="com.google.android.gms.analytics.AnalyticsReceiver"
55-->[com.google.android.gms:play-services-analytics:12.0.1] AndroidManifest.xml:31:13-78
56            android:enabled="true"
56-->[com.google.android.gms:play-services-analytics:12.0.1] AndroidManifest.xml:32:13-35
57            android:exported="false" >
57-->[com.google.android.gms:play-services-analytics:12.0.1] AndroidManifest.xml:33:13-37
58        </receiver>
59
60        <service
60-->[com.google.android.gms:play-services-analytics:12.0.1] AndroidManifest.xml:36:9-39:40
61            android:name="com.google.android.gms.analytics.AnalyticsService"
61-->[com.google.android.gms:play-services-analytics:12.0.1] AndroidManifest.xml:37:13-77
62            android:enabled="true"
62-->[com.google.android.gms:play-services-analytics:12.0.1] AndroidManifest.xml:38:13-35
63            android:exported="false" />
63-->[com.google.android.gms:play-services-analytics:12.0.1] AndroidManifest.xml:39:13-37
64        <service
64-->[com.google.android.gms:play-services-analytics:12.0.1] AndroidManifest.xml:40:9-44:72
65            android:name="com.google.android.gms.analytics.AnalyticsJobService"
65-->[com.google.android.gms:play-services-analytics:12.0.1] AndroidManifest.xml:41:13-80
66            android:enabled="true"
66-->[com.google.android.gms:play-services-analytics:12.0.1] AndroidManifest.xml:42:13-35
67            android:exported="false"
67-->[com.google.android.gms:play-services-analytics:12.0.1] AndroidManifest.xml:43:13-37
68            android:permission="android.permission.BIND_JOB_SERVICE" />
68-->[com.google.android.gms:play-services-analytics:12.0.1] AndroidManifest.xml:44:13-69
69
70        <activity
70-->[com.google.android.gms:play-services-appinvite:12.0.1] AndroidManifest.xml:25:9-34:20
71            android:name="com.google.android.gms.appinvite.PreviewActivity"
71-->[com.google.android.gms:play-services-appinvite:12.0.1] AndroidManifest.xml:26:13-76
72            android:exported="true"
72-->[com.google.android.gms:play-services-appinvite:12.0.1] AndroidManifest.xml:27:13-36
73            android:theme="@style/Theme.AppInvite.Preview" >
73-->[com.google.android.gms:play-services-appinvite:12.0.1] AndroidManifest.xml:28:13-59
74            <intent-filter>
74-->[com.google.android.gms:play-services-appinvite:12.0.1] AndroidManifest.xml:29:13-33:29
75                <action android:name="com.google.android.gms.appinvite.ACTION_PREVIEW" />
75-->[com.google.android.gms:play-services-appinvite:12.0.1] AndroidManifest.xml:30:17-90
75-->[com.google.android.gms:play-services-appinvite:12.0.1] AndroidManifest.xml:30:25-87
76
77                <category android:name="android.intent.category.DEFAULT" />
77-->[com.google.android.gms:play-services-appinvite:12.0.1] AndroidManifest.xml:32:17-76
77-->[com.google.android.gms:play-services-appinvite:12.0.1] AndroidManifest.xml:32:27-73
78            </intent-filter>
79        </activity>
80        <activity
80-->[com.google.android.gms:play-services-auth:12.0.1] AndroidManifest.xml:23:9-27:75
81            android:name="com.google.android.gms.auth.api.signin.internal.SignInHubActivity"
81-->[com.google.android.gms:play-services-auth:12.0.1] AndroidManifest.xml:24:13-93
82            android:excludeFromRecents="true"
82-->[com.google.android.gms:play-services-auth:12.0.1] AndroidManifest.xml:25:13-46
83            android:exported="false"
83-->[com.google.android.gms:play-services-auth:12.0.1] AndroidManifest.xml:26:13-37
84            android:theme="@android:style/Theme.Translucent.NoTitleBar" />
84-->[com.google.android.gms:play-services-auth:12.0.1] AndroidManifest.xml:27:13-72
85        <!--
86            Service handling Google Sign-In user revocation. For apps that do not integrate with
87            Google Sign-In, this service will never be started.
88        -->
89        <service
89-->[com.google.android.gms:play-services-auth:12.0.1] AndroidManifest.xml:33:9-36:110
90            android:name="com.google.android.gms.auth.api.signin.RevocationBoundService"
90-->[com.google.android.gms:play-services-auth:12.0.1] AndroidManifest.xml:34:13-89
91            android:exported="true"
91-->[com.google.android.gms:play-services-auth:12.0.1] AndroidManifest.xml:35:13-36
92            android:permission="com.google.android.gms.auth.api.signin.permission.REVOCATION_NOTIFICATION" />
92-->[com.google.android.gms:play-services-auth:12.0.1] AndroidManifest.xml:36:13-107
93
94        <activity
94-->[com.google.firebase:firebase-auth:12.0.1] AndroidManifest.xml:23:9-29:75
95            android:name="com.google.firebase.auth.internal.FederatedSignInActivity"
95-->[com.google.firebase:firebase-auth:12.0.1] AndroidManifest.xml:24:13-85
96            android:excludeFromRecents="true"
96-->[com.google.firebase:firebase-auth:12.0.1] AndroidManifest.xml:25:13-46
97            android:exported="true"
97-->[com.google.firebase:firebase-auth:12.0.1] AndroidManifest.xml:26:13-36
98            android:launchMode="singleInstance"
98-->[com.google.firebase:firebase-auth:12.0.1] AndroidManifest.xml:27:13-48
99            android:permission="com.google.firebase.auth.api.gms.permission.LAUNCH_FEDERATED_SIGN_IN"
99-->[com.google.firebase:firebase-auth:12.0.1] AndroidManifest.xml:28:13-102
100            android:theme="@android:style/Theme.Translucent.NoTitleBar" />
100-->[com.google.firebase:firebase-auth:12.0.1] AndroidManifest.xml:29:13-72
101        <activity
101-->[com.google.android.gms:play-services-base:12.0.1] AndroidManifest.xml:23:9-26:75
102            android:name="com.google.android.gms.common.api.GoogleApiActivity"
102-->[com.google.android.gms:play-services-base:12.0.1] AndroidManifest.xml:24:13-79
103            android:exported="false"
103-->[com.google.android.gms:play-services-base:12.0.1] AndroidManifest.xml:25:13-37
104            android:theme="@android:style/Theme.Translucent.NoTitleBar" />
104-->[com.google.android.gms:play-services-base:12.0.1] AndroidManifest.xml:26:13-72
105        <!--
106             FirebaseMessagingService performs security checks at runtime,
107             no need for explicit permissions despite exported="true"
108        -->
109        <service
109-->[com.google.firebase:firebase-messaging:12.0.1] AndroidManifest.xml:28:9-34:19
110            android:name="com.google.firebase.messaging.FirebaseMessagingService"
110-->[com.google.firebase:firebase-messaging:12.0.1] AndroidManifest.xml:29:13-82
111            android:exported="true" >
111-->[com.google.firebase:firebase-messaging:12.0.1] AndroidManifest.xml:30:13-36
112            <intent-filter android:priority="-500" >
112-->[com.google.firebase:firebase-messaging:12.0.1] AndroidManifest.xml:31:13-33:29
112-->[com.google.firebase:firebase-messaging:12.0.1] AndroidManifest.xml:31:28-51
113                <action android:name="com.google.firebase.MESSAGING_EVENT" />
113-->[com.google.firebase:firebase-messaging:12.0.1] AndroidManifest.xml:32:17-78
113-->[com.google.firebase:firebase-messaging:12.0.1] AndroidManifest.xml:32:25-75
114            </intent-filter>
115        </service>
116        <service
116-->[com.google.android.gms:play-services-tagmanager-api:12.0.1] AndroidManifest.xml:27:9-30:40
117            android:name="com.google.android.gms.tagmanager.TagManagerService"
117-->[com.google.android.gms:play-services-tagmanager-api:12.0.1] AndroidManifest.xml:28:13-79
118            android:enabled="true"
118-->[com.google.android.gms:play-services-tagmanager-api:12.0.1] AndroidManifest.xml:29:13-35
119            android:exported="false" />
119-->[com.google.android.gms:play-services-tagmanager-api:12.0.1] AndroidManifest.xml:30:13-37
120
121        <activity
121-->[com.google.android.gms:play-services-tagmanager-api:12.0.1] AndroidManifest.xml:32:9-44:20
122            android:name="com.google.android.gms.tagmanager.TagManagerPreviewActivity"
122-->[com.google.android.gms:play-services-tagmanager-api:12.0.1] AndroidManifest.xml:33:13-87
123            android:exported="true"
123-->[com.google.android.gms:play-services-tagmanager-api:12.0.1] AndroidManifest.xml:34:13-36
124            android:noHistory="true" > <!-- optional, removes the previewActivity from the activity stack. -->
124-->[com.google.android.gms:play-services-tagmanager-api:12.0.1] AndroidManifest.xml:35:13-37
125            <intent-filter>
125-->[com.google.android.gms:play-services-tagmanager-api:12.0.1] AndroidManifest.xml:36:13-43:29
126                <data android:scheme="tagmanager.c.com.tugasakhirsemester.lilisindriani" />
126-->[com.google.android.gms:play-services-tagmanager-api:12.0.1] AndroidManifest.xml:37:17-72
126-->[com.google.android.gms:play-services-tagmanager-api:12.0.1] AndroidManifest.xml:37:23-69
127
128                <action android:name="android.intent.action.VIEW" />
128-->[com.google.android.gms:play-services-tagmanager-api:12.0.1] AndroidManifest.xml:39:17-69
128-->[com.google.android.gms:play-services-tagmanager-api:12.0.1] AndroidManifest.xml:39:25-66
129
130                <category android:name="android.intent.category.DEFAULT" />
130-->[com.google.android.gms:play-services-appinvite:12.0.1] AndroidManifest.xml:32:17-76
130-->[com.google.android.gms:play-services-appinvite:12.0.1] AndroidManifest.xml:32:27-73
131                <category android:name="android.intent.category.BROWSABLE" />
131-->[com.google.android.gms:play-services-tagmanager-api:12.0.1] AndroidManifest.xml:42:17-78
131-->[com.google.android.gms:play-services-tagmanager-api:12.0.1] AndroidManifest.xml:42:27-75
132            </intent-filter>
133        </activity>
134
135        <receiver
135-->[com.google.firebase:firebase-analytics:12.0.1] AndroidManifest.xml:28:9-32:20
136            android:name="com.google.android.gms.measurement.AppMeasurementReceiver"
136-->[com.google.firebase:firebase-analytics:12.0.1] AndroidManifest.xml:29:13-85
137            android:enabled="true"
137-->[com.google.firebase:firebase-analytics:12.0.1] AndroidManifest.xml:30:13-35
138            android:exported="false" >
138-->[com.google.firebase:firebase-analytics:12.0.1] AndroidManifest.xml:31:13-37
139        </receiver>
140        <receiver
140-->[com.google.firebase:firebase-analytics:12.0.1] AndroidManifest.xml:33:9-41:20
141            android:name="com.google.android.gms.measurement.AppMeasurementInstallReferrerReceiver"
141-->[com.google.firebase:firebase-analytics:12.0.1] AndroidManifest.xml:34:13-100
142            android:enabled="true"
142-->[com.google.firebase:firebase-analytics:12.0.1] AndroidManifest.xml:35:13-35
143            android:exported="true"
143-->[com.google.firebase:firebase-analytics:12.0.1] AndroidManifest.xml:36:13-36
144            android:permission="android.permission.INSTALL_PACKAGES" >
144-->[com.google.firebase:firebase-analytics:12.0.1] AndroidManifest.xml:37:13-69
145            <intent-filter>
145-->[com.google.firebase:firebase-analytics:12.0.1] AndroidManifest.xml:38:13-40:29
146                <action android:name="com.android.vending.INSTALL_REFERRER" />
146-->[com.google.firebase:firebase-analytics:12.0.1] AndroidManifest.xml:39:17-79
146-->[com.google.firebase:firebase-analytics:12.0.1] AndroidManifest.xml:39:25-76
147            </intent-filter>
148        </receiver>
149
150        <service
150-->[com.google.firebase:firebase-analytics:12.0.1] AndroidManifest.xml:43:9-46:40
151            android:name="com.google.android.gms.measurement.AppMeasurementService"
151-->[com.google.firebase:firebase-analytics:12.0.1] AndroidManifest.xml:44:13-84
152            android:enabled="true"
152-->[com.google.firebase:firebase-analytics:12.0.1] AndroidManifest.xml:45:13-35
153            android:exported="false" />
153-->[com.google.firebase:firebase-analytics:12.0.1] AndroidManifest.xml:46:13-37
154        <service
154-->[com.google.firebase:firebase-analytics:12.0.1] AndroidManifest.xml:47:9-51:72
155            android:name="com.google.android.gms.measurement.AppMeasurementJobService"
155-->[com.google.firebase:firebase-analytics:12.0.1] AndroidManifest.xml:48:13-87
156            android:enabled="true"
156-->[com.google.firebase:firebase-analytics:12.0.1] AndroidManifest.xml:49:13-35
157            android:exported="false"
157-->[com.google.firebase:firebase-analytics:12.0.1] AndroidManifest.xml:50:13-37
158            android:permission="android.permission.BIND_JOB_SERVICE" />
158-->[com.google.firebase:firebase-analytics:12.0.1] AndroidManifest.xml:51:13-69
159
160        <receiver
160-->[com.google.firebase:firebase-iid:12.0.1] AndroidManifest.xml:35:9-44:20
161            android:name="com.google.firebase.iid.FirebaseInstanceIdReceiver"
161-->[com.google.firebase:firebase-iid:12.0.1] AndroidManifest.xml:36:13-78
162            android:exported="true"
162-->[com.google.firebase:firebase-iid:12.0.1] AndroidManifest.xml:37:13-36
163            android:permission="com.google.android.c2dm.permission.SEND" >
163-->[com.google.firebase:firebase-iid:12.0.1] AndroidManifest.xml:38:13-73
164            <intent-filter>
164-->[com.google.firebase:firebase-iid:12.0.1] AndroidManifest.xml:39:13-43:29
165                <action android:name="com.google.android.c2dm.intent.RECEIVE" />
165-->[com.google.firebase:firebase-iid:12.0.1] AndroidManifest.xml:40:17-81
165-->[com.google.firebase:firebase-iid:12.0.1] AndroidManifest.xml:40:25-78
166
167                <category android:name="com.tugasakhirsemester.lilisindriani" />
167-->[com.google.firebase:firebase-iid:12.0.1] AndroidManifest.xml:42:17-61
167-->[com.google.firebase:firebase-iid:12.0.1] AndroidManifest.xml:42:27-58
168            </intent-filter>
169        </receiver>
170        <!--
171             FirebaseInstanceIdService performs security checks at runtime,
172             no need for explicit permissions despite exported="true"
173        -->
174        <service
174-->[com.google.firebase:firebase-iid:12.0.1] AndroidManifest.xml:50:9-56:19
175            android:name="com.google.firebase.iid.FirebaseInstanceIdService"
175-->[com.google.firebase:firebase-iid:12.0.1] AndroidManifest.xml:51:13-77
176            android:exported="true" >
176-->[com.google.firebase:firebase-iid:12.0.1] AndroidManifest.xml:52:13-36
177            <intent-filter android:priority="-500" >
177-->[com.google.firebase:firebase-iid:12.0.1] AndroidManifest.xml:53:13-55:29
177-->[com.google.firebase:firebase-iid:12.0.1] AndroidManifest.xml:53:28-51
178                <action android:name="com.google.firebase.INSTANCE_ID_EVENT" />
178-->[com.google.firebase:firebase-iid:12.0.1] AndroidManifest.xml:54:17-80
178-->[com.google.firebase:firebase-iid:12.0.1] AndroidManifest.xml:54:25-77
179            </intent-filter>
180        </service>
181
182        <provider
182-->[com.google.firebase:firebase-common:12.0.1] AndroidManifest.xml:8:9-12:39
183            android:name="com.google.firebase.provider.FirebaseInitProvider"
183-->[com.google.firebase:firebase-common:12.0.1] AndroidManifest.xml:9:13-77
184            android:authorities="com.tugasakhirsemester.lilisindriani.firebaseinitprovider"
184-->[com.google.firebase:firebase-common:12.0.1] AndroidManifest.xml:10:13-72
185            android:exported="false"
185-->[com.google.firebase:firebase-common:12.0.1] AndroidManifest.xml:11:13-37
186            android:initOrder="100" />
186-->[com.google.firebase:firebase-common:12.0.1] AndroidManifest.xml:12:13-36
187
188        <meta-data
188-->[com.google.android.gms:play-services-basement:12.0.1] AndroidManifest.xml:23:9-25:69
189            android:name="com.google.android.gms.version"
189-->[com.google.android.gms:play-services-basement:12.0.1] AndroidManifest.xml:24:13-58
190            android:value="@integer/google_play_services_version" />
190-->[com.google.android.gms:play-services-basement:12.0.1] AndroidManifest.xml:25:13-66
191    </application>
192
193</manifest>